{"/Users/immalaptop/alchemy/career-track/data-structures-and-algorithms/challenges/arrayShift/array-shift.js": {"path":"/Users/immalaptop/alchemy/career-track/data-structures-and-algorithms/challenges/arrayShift/array-shift.js","statementMap":{"0":{"start":{"line":1,"column":12},"end":{"line":1,"column":27}},"1":{"start":{"line":2,"column":20},"end":{"line":2,"column":38}},"2":{"start":{"line":4,"column":21},"end":{"line":9,"column":1}},"3":{"start":{"line":5,"column":21},"end":{"line":5,"column":24}},"4":{"start":{"line":6,"column":18},"end":{"line":6,"column":32}},"5":{"start":{"line":7,"column":2},"end":{"line":7,"column":47}},"6":{"start":{"line":8,"column":2},"end":{"line":8,"column":22}},"7":{"start":{"line":11,"column":19},"end":{"line":11,"column":49}},"8":{"start":{"line":12,"column":0},"end":{"line":12,"column":24}},"9":{"start":{"line":14,"column":0},"end":{"line":14,"column":34}}},"fnMap":{"0":{"name":"(anonymous_0)","decl":{"start":{"line":4,"column":21},"end":{"line":4,"column":22}},"loc":{"start":{"line":4,"column":43},"end":{"line":9,"column":1}},"line":4}},"branchMap":{},"s":{"0":1,"1":1,"2":1,"3":4,"4":4,"5":4,"6":4,"7":1,"8":1,"9":1},"f":{"0":4},"b":{},"_coverageSchema":"43e27e138ebf9cfc5966b082cf9a028302ed4184","hash":"6b274defea7e822701738722dcf1a627094dc72c"}
}
